c:\users\15204\source\repos\04023612(2)\04023612(2)\release\04023612(2).pch
c:\users\15204\source\repos\04023612(2)\04023612(2)\release\vc143.pdb
c:\users\15204\source\repos\04023612(2)\04023612(2)\release\pch.obj
c:\users\15204\source\repos\04023612(2)\04023612(2)\release\node.obj
c:\users\15204\source\repos\04023612(2)\04023612(2)\release\cseeekdlg.obj
c:\users\15204\source\repos\04023612(2)\04023612(2)\release\coperatordlg.obj
c:\users\15204\source\repos\04023612(2)\04023612(2)\release\cinfo.obj
c:\users\15204\source\repos\04023612(2)\04023612(2)\release\cdeldlg.obj
c:\users\15204\source\repos\04023612(2)\04023612(2)\release\cdatainterface.obj
c:\users\15204\source\repos\04023612(2)\04023612(2)\release\04023612(2)dlg.obj
c:\users\15204\source\repos\04023612(2)\04023612(2)\release\04023612(2).obj
c:\users\15204\source\repos\04023612(2)\release\04023612(2).exe
c:\users\15204\source\repos\04023612(2)\release\04023612(2).pdb
c:\users\15204\source\repos\04023612(2)\04023612(2)\release\my040236122.res
c:\users\15204\source\repos\04023612(2)\04023612(2)\release\04023612(2).ipdb
c:\users\15204\source\repos\04023612(2)\04023612(2)\release\04023612(2).iobj
c:\users\15204\source\repos\04023612(2)\04023612(2)\release\04023612(2).tlog\cl.command.1.tlog
c:\users\15204\source\repos\04023612(2)\04023612(2)\release\04023612(2).tlog\cl.items.tlog
c:\users\15204\source\repos\04023612(2)\04023612(2)\release\04023612(2).tlog\cl.read.1.tlog
c:\users\15204\source\repos\04023612(2)\04023612(2)\release\04023612(2).tlog\cl.write.1.tlog
c:\users\15204\source\repos\04023612(2)\04023612(2)\release\04023612(2).tlog\link.command.1.tlog
c:\users\15204\source\repos\04023612(2)\04023612(2)\release\04023612(2).tlog\link.read.1.tlog
c:\users\15204\source\repos\04023612(2)\04023612(2)\release\04023612(2).tlog\link.secondary.1.tlog
c:\users\15204\source\repos\04023612(2)\04023612(2)\release\04023612(2).tlog\link.write.1.tlog
c:\users\15204\source\repos\04023612(2)\04023612(2)\release\04023612(2).tlog\rc.command.1.tlog
c:\users\15204\source\repos\04023612(2)\04023612(2)\release\04023612(2).tlog\rc.read.1.tlog
c:\users\15204\source\repos\04023612(2)\04023612(2)\release\04023612(2).tlog\rc.write.1.tlog
